{"level":"info","message":"Server Starts","timestamp":"2017-03-30T04:38:51.882Z"}
{"level":"info","message":"Connected to MONGO Database","timestamp":"2017-03-30T04:38:51.913Z"}
{"level":"info","message":"Server Starts","timestamp":"2017-03-30T04:44:07.415Z"}
{"level":"info","message":"Connected to MONGO Database","timestamp":"2017-03-30T04:44:07.448Z"}
{"level":"info","message":"Server Starts","timestamp":"2017-03-30T04:45:17.473Z"}
{"level":"info","message":"Redis connected","timestamp":"2017-03-30T04:45:17.482Z"}
{"level":"info","message":"Connected to MONGO Database","timestamp":"2017-03-30T04:45:17.503Z"}
{"level":"info","message":"Server Starts","timestamp":"2017-03-30T04:46:38.826Z"}
{"level":"info","message":"Redis connected","timestamp":"2017-03-30T04:46:38.834Z"}
{"level":"info","message":"Connected to MONGO Database","timestamp":"2017-03-30T04:46:38.856Z"}
{"level":"info","message":"Server Starts","timestamp":"2017-03-30T04:48:44.688Z"}
{"level":"info","message":"Redis connected","timestamp":"2017-03-30T04:48:44.697Z"}
{"level":"info","message":"Connected to MONGO Database","timestamp":"2017-03-30T04:48:44.718Z"}
{"level":"info","message":"Server Starts","timestamp":"2017-03-30T07:00:32.789Z"}
{"level":"info","message":"Redis connected","timestamp":"2017-03-30T07:00:32.792Z"}
{"level":"info","message":"Connected to MONGO Database","timestamp":"2017-03-30T07:00:32.814Z"}
{"level":"info","message":"Server Starts","timestamp":"2017-03-30T07:13:02.320Z"}
{"level":"info","message":"Redis connected","timestamp":"2017-03-30T07:13:02.323Z"}
{"level":"info","message":"Connected to MONGO Database","timestamp":"2017-03-30T07:13:02.355Z"}
{"level":"info","message":"Server Starts","timestamp":"2017-03-30T07:49:51.787Z"}
{"level":"info","message":"Redis connected","timestamp":"2017-03-30T07:49:51.789Z"}
{"level":"info","message":"Connected to MONGO Database","timestamp":"2017-03-30T07:49:51.813Z"}
{"level":"info","message":"{\"METHOD\":\"POST\",\"URL\":\"/customer\",\"BODY\":{}}","timestamp":"2017-03-30T07:50:16.755Z"}
{"level":"info","message":"Server Starts","timestamp":"2017-03-30T09:12:14.510Z"}
{"level":"info","message":"Redis connected","timestamp":"2017-03-30T09:12:14.513Z"}
{"level":"info","message":"Connected to MONGO Database","timestamp":"2017-03-30T09:12:14.542Z"}
{"level":"info","message":"Server Starts","timestamp":"2017-03-30T09:12:48.718Z"}
{"level":"info","message":"Redis connected","timestamp":"2017-03-30T09:12:48.721Z"}
{"level":"info","message":"Connected to MONGO Database","timestamp":"2017-03-30T09:12:48.748Z"}
{"level":"info","message":"Server Starts","timestamp":"2017-03-30T09:28:16.559Z"}
{"level":"info","message":"Redis connected","timestamp":"2017-03-30T09:28:16.561Z"}
{"level":"info","message":"Connected to MONGO Database","timestamp":"2017-03-30T09:28:16.588Z"}
{"level":"info","message":"Server Starts","timestamp":"2017-03-30T09:29:18.817Z"}
{"level":"info","message":"Redis connected","timestamp":"2017-03-30T09:29:18.819Z"}
{"level":"info","message":"Connected to MONGO Database","timestamp":"2017-03-30T09:29:18.848Z"}
{"level":"info","message":"Server Starts","timestamp":"2017-03-30T09:29:37.938Z"}
{"level":"info","message":"Redis connected","timestamp":"2017-03-30T09:29:37.940Z"}
{"level":"info","message":"Connected to MONGO Database","timestamp":"2017-03-30T09:29:37.969Z"}
{"level":"info","message":"Server Starts","timestamp":"2017-03-30T09:41:33.337Z"}
{"level":"info","message":"Redis connected","timestamp":"2017-03-30T09:41:33.339Z"}
{"level":"info","message":"Connected to MONGO Database","timestamp":"2017-03-30T09:41:33.368Z"}
{"level":"info","message":"Server Starts","timestamp":"2017-03-30T09:52:17.488Z"}
{"level":"info","message":"Redis connected","timestamp":"2017-03-30T09:52:17.491Z"}
{"level":"info","message":"Connected to MONGO Database","timestamp":"2017-03-30T09:52:17.518Z"}
{"level":"info","message":"Server Starts","timestamp":"2017-03-30T10:08:49.906Z"}
{"level":"info","message":"Redis connected","timestamp":"2017-03-30T10:08:49.909Z"}
{"level":"info","message":"Connected to MONGO Database","timestamp":"2017-03-30T10:08:49.939Z"}
{"level":"info","message":"Server Starts","timestamp":"2017-03-30T10:09:24.391Z"}
{"level":"info","message":"Redis connected","timestamp":"2017-03-30T10:09:24.393Z"}
{"level":"info","message":"Connected to MONGO Database","timestamp":"2017-03-30T10:09:24.419Z"}
{"level":"info","message":"Server Starts","timestamp":"2017-03-30T10:10:26.516Z"}
{"level":"info","message":"Redis connected","timestamp":"2017-03-30T10:10:26.519Z"}
{"level":"info","message":"Connected to MONGO Database","timestamp":"2017-03-30T10:10:26.551Z"}
{"level":"info","message":"Server Starts","timestamp":"2017-03-30T10:11:48.610Z"}
{"level":"info","message":"Redis connected","timestamp":"2017-03-30T10:11:48.612Z"}
{"level":"info","message":"Connected to MONGO Database","timestamp":"2017-03-30T10:11:48.640Z"}
{"level":"info","message":"Server Starts","timestamp":"2017-03-30T10:12:30.717Z"}
{"level":"info","message":"Redis connected","timestamp":"2017-03-30T10:12:30.720Z"}
{"level":"info","message":"Connected to MONGO Database","timestamp":"2017-03-30T10:12:30.752Z"}
{"level":"info","message":"Server Starts","timestamp":"2017-03-30T10:14:19.533Z"}
{"level":"info","message":"Redis connected","timestamp":"2017-03-30T10:14:19.536Z"}
{"level":"info","message":"Connected to MONGO Database","timestamp":"2017-03-30T10:14:19.566Z"}
{"level":"info","message":"Server Starts","timestamp":"2017-03-30T10:14:46.929Z"}
{"level":"info","message":"Redis connected","timestamp":"2017-03-30T10:14:46.931Z"}
{"level":"info","message":"Connected to MONGO Database","timestamp":"2017-03-30T10:14:46.960Z"}
{"level":"info","message":"Server Starts","timestamp":"2017-03-30T10:23:49.775Z"}
{"level":"info","message":"Redis connected","timestamp":"2017-03-30T10:23:49.777Z"}
{"level":"info","message":"Connected to MONGO Database","timestamp":"2017-03-30T10:23:49.805Z"}
{"level":"info","message":"Server Starts","timestamp":"2017-03-30T10:28:16.821Z"}
{"level":"info","message":"Redis connected","timestamp":"2017-03-30T10:28:16.824Z"}
{"level":"info","message":"Connected to MONGO Database","timestamp":"2017-03-30T10:28:16.852Z"}
{"level":"info","message":"Server Starts","timestamp":"2017-03-30T10:28:48.958Z"}
{"level":"info","message":"Redis connected","timestamp":"2017-03-30T10:28:48.960Z"}
{"level":"info","message":"Connected to MONGO Database","timestamp":"2017-03-30T10:28:48.985Z"}
{"level":"info","message":"Server Starts","timestamp":"2017-03-30T10:32:30.658Z"}
{"level":"info","message":"Redis connected","timestamp":"2017-03-30T10:32:30.660Z"}
{"level":"info","message":"Connected to MONGO Database","timestamp":"2017-03-30T10:32:30.688Z"}
{"level":"info","message":"Server Starts","timestamp":"2017-03-30T10:32:43.445Z"}
{"level":"info","message":"Redis connected","timestamp":"2017-03-30T10:32:43.447Z"}
{"level":"info","message":"Connected to MONGO Database","timestamp":"2017-03-30T10:32:43.477Z"}
{"level":"info","message":"Server Starts","timestamp":"2017-03-30T10:35:18.735Z"}
{"level":"info","message":"Redis connected","timestamp":"2017-03-30T10:35:18.738Z"}
{"level":"info","message":"Connected to MONGO Database","timestamp":"2017-03-30T10:35:18.767Z"}
{"level":"info","message":"Server Starts","timestamp":"2017-03-30T10:37:46.006Z"}
{"level":"info","message":"Redis connected","timestamp":"2017-03-30T10:37:46.009Z"}
{"level":"info","message":"Connected to MONGO Database","timestamp":"2017-03-30T10:37:46.037Z"}
{"level":"info","message":"Server Starts","timestamp":"2017-03-30T10:39:00.152Z"}
{"level":"info","message":"Redis connected","timestamp":"2017-03-30T10:39:00.154Z"}
{"level":"info","message":"Connected to MONGO Database","timestamp":"2017-03-30T10:39:00.181Z"}
{"level":"info","message":"Server Starts","timestamp":"2017-03-30T10:39:43.111Z"}
{"level":"info","message":"Redis connected","timestamp":"2017-03-30T10:39:43.113Z"}
{"level":"info","message":"Connected to MONGO Database","timestamp":"2017-03-30T10:39:43.136Z"}
{"level":"info","message":"Server Starts","timestamp":"2017-03-30T10:39:57.742Z"}
{"level":"info","message":"Redis connected","timestamp":"2017-03-30T10:39:57.745Z"}
{"level":"info","message":"Connected to MONGO Database","timestamp":"2017-03-30T10:39:57.769Z"}
{"level":"info","message":"Server Starts","timestamp":"2017-03-30T10:41:52.696Z"}
{"level":"info","message":"Redis connected","timestamp":"2017-03-30T10:41:52.699Z"}
{"level":"info","message":"Connected to MONGO Database","timestamp":"2017-03-30T10:41:52.725Z"}
{"level":"info","message":"Server Starts","timestamp":"2017-03-30T10:42:33.604Z"}
{"level":"info","message":"Redis connected","timestamp":"2017-03-30T10:42:33.606Z"}
{"level":"info","message":"Connected to MONGO Database","timestamp":"2017-03-30T10:42:33.642Z"}
{"level":"info","message":"Server Starts","timestamp":"2017-03-30T10:42:56.199Z"}
{"level":"info","message":"Redis connected","timestamp":"2017-03-30T10:42:56.203Z"}
{"level":"info","message":"Connected to MONGO Database","timestamp":"2017-03-30T10:42:56.233Z"}
{"level":"info","message":"Server Starts","timestamp":"2017-03-30T10:44:14.938Z"}
{"level":"info","message":"Redis connected","timestamp":"2017-03-30T10:44:14.940Z"}
{"level":"info","message":"Connected to MONGO Database","timestamp":"2017-03-30T10:44:14.966Z"}
{"level":"info","message":"Server Starts","timestamp":"2017-03-30T10:44:31.972Z"}
{"level":"info","message":"Redis connected","timestamp":"2017-03-30T10:44:31.974Z"}
{"level":"info","message":"Connected to MONGO Database","timestamp":"2017-03-30T10:44:32.004Z"}
{"level":"info","message":"Server Starts","timestamp":"2017-03-30T10:44:59.385Z"}
{"level":"info","message":"Redis connected","timestamp":"2017-03-30T10:44:59.389Z"}
{"level":"info","message":"Connected to MONGO Database","timestamp":"2017-03-30T10:44:59.415Z"}
{"level":"info","message":"Server Starts","timestamp":"2017-03-30T10:45:52.392Z"}
{"level":"info","message":"Redis connected","timestamp":"2017-03-30T10:45:52.394Z"}
{"level":"info","message":"Connected to MONGO Database","timestamp":"2017-03-30T10:45:52.421Z"}
{"level":"info","message":"Server Starts","timestamp":"2017-03-30T10:46:24.237Z"}
{"level":"info","message":"Redis connected","timestamp":"2017-03-30T10:46:24.239Z"}
{"level":"info","message":"Connected to MONGO Database","timestamp":"2017-03-30T10:46:24.265Z"}
{"level":"info","message":"Server Starts","timestamp":"2017-03-30T10:46:28.156Z"}
{"level":"info","message":"Redis connected","timestamp":"2017-03-30T10:46:28.160Z"}
{"level":"info","message":"Connected to MONGO Database","timestamp":"2017-03-30T10:46:28.191Z"}
{"level":"info","message":"Server Starts","timestamp":"2017-03-30T10:46:35.537Z"}
{"level":"info","message":"Redis connected","timestamp":"2017-03-30T10:46:35.541Z"}
{"level":"info","message":"Connected to MONGO Database","timestamp":"2017-03-30T10:46:35.574Z"}
{"level":"info","message":"Server Starts","timestamp":"2017-03-30T10:47:41.892Z"}
{"level":"info","message":"Redis connected","timestamp":"2017-03-30T10:47:41.895Z"}
{"level":"info","message":"Connected to MONGO Database","timestamp":"2017-03-30T10:47:41.923Z"}
{"level":"info","message":"Server Starts","timestamp":"2017-03-30T10:48:02.665Z"}
{"level":"info","message":"Redis connected","timestamp":"2017-03-30T10:48:02.668Z"}
{"level":"info","message":"Connected to MONGO Database","timestamp":"2017-03-30T10:48:02.697Z"}
{"level":"info","message":"Server Starts","timestamp":"2017-03-30T10:48:23.341Z"}
{"level":"info","message":"Redis connected","timestamp":"2017-03-30T10:48:23.343Z"}
{"level":"info","message":"Connected to MONGO Database","timestamp":"2017-03-30T10:48:23.372Z"}
{"message":"customers validation failed","errors":{"dateOfBirth":{"message":"Cast to Date failed for value \"22-01-1194\" at path \"dateOfBirth\"","name":"CastError","stringValue":"\"22-01-1194\"","kind":"Date","value":"22-01-1194","path":"dateOfBirth","reason":{"message":"Cast to date failed for value \"22-01-1194\" at path \"dateOfBirth\"","name":"CastError","stringValue":"\"22-01-1194\"","kind":"date","value":"22-01-1194","path":"dateOfBirth"}}},"stack":"MongooseError: \n    at ValidationError (/Users/cl-macmini-122/Desktop/bongour/node_modules/mongoose/lib/error/validation.js:23:11)\n    at model.Document.invalidate (/Users/cl-macmini-122/Desktop/bongour/node_modules/mongoose/lib/document.js:1535:32)\n    at model.Document.set (/Users/cl-macmini-122/Desktop/bongour/node_modules/mongoose/lib/document.js:777:10)\n    at model._handleIndex (/Users/cl-macmini-122/Desktop/bongour/node_modules/mongoose/lib/document.js:623:14)\n    at model.Document.set (/Users/cl-macmini-122/Desktop/bongour/node_modules/mongoose/lib/document.js:583:24)\n    at model.Document (/Users/cl-macmini-122/Desktop/bongour/node_modules/mongoose/lib/document.js:71:12)\n    at model.Model (/Users/cl-macmini-122/Desktop/bongour/node_modules/mongoose/lib/model.js:51:12)\n    at new model (/Users/cl-macmini-122/Desktop/bongour/node_modules/mongoose/lib/model.js:3571:13)\n    at /Users/cl-macmini-122/Desktop/bongour/controllers/customer/customerBaseController.js:139:28\n    at /Users/cl-macmini-122/Desktop/bongour/node_modules/async/dist/async.js:3791:9\n    at replenish (/Users/cl-macmini-122/Desktop/bongour/node_modules/async/dist/async.js:882:17)\n    at iterateeCallback (/Users/cl-macmini-122/Desktop/bongour/node_modules/async/dist/async.js:867:17)\n    at /Users/cl-macmini-122/Desktop/bongour/node_modules/async/dist/async.js:844:16\n    at /Users/cl-macmini-122/Desktop/bongour/node_modules/async/dist/async.js:3796:13\n    at apply (/Users/cl-macmini-122/Desktop/bongour/node_modules/async/dist/async.js:21:25)\n    at /Users/cl-macmini-122/Desktop/bongour/node_modules/async/dist/async.js:56:12\n    at /Users/cl-macmini-122/Desktop/bongour/controllers/customer/customerBaseController.js:132:25\n    at model.Query.<anonymous> (/Users/cl-macmini-122/Desktop/bongour/node_modules/mongoose/lib/model.js:3702:16)\n    at /Users/cl-macmini-122/Desktop/bongour/node_modules/kareem/index.js:273:21\n    at /Users/cl-macmini-122/Desktop/bongour/node_modules/kareem/index.js:127:16\n    at _combinedTickCallback (internal/process/next_tick.js:73:7)\n    at process._tickDomainCallback (internal/process/next_tick.js:128:9)\n","name":"ValidationError","level":"error","timestamp":"2017-03-30T10:48:25.125Z"}
{"level":"info","message":"Server Starts","timestamp":"2017-03-30T10:48:57.135Z"}
{"level":"info","message":"Redis connected","timestamp":"2017-03-30T10:48:57.137Z"}
{"level":"info","message":"Connected to MONGO Database","timestamp":"2017-03-30T10:48:57.164Z"}
{"level":"info","message":"Server Starts","timestamp":"2017-03-30T10:49:20.259Z"}
{"level":"info","message":"Redis connected","timestamp":"2017-03-30T10:49:20.263Z"}
{"level":"info","message":"Connected to MONGO Database","timestamp":"2017-03-30T10:49:20.294Z"}
{"level":"info","message":"Server Starts","timestamp":"2017-03-30T10:50:20.774Z"}
{"level":"info","message":"Redis connected","timestamp":"2017-03-30T10:50:20.776Z"}
{"level":"info","message":"Connected to MONGO Database","timestamp":"2017-03-30T10:50:20.802Z"}
{"level":"info","message":"Server Starts","timestamp":"2017-03-30T10:52:08.784Z"}
{"level":"info","message":"Redis connected","timestamp":"2017-03-30T10:52:08.788Z"}
{"level":"info","message":"Connected to MONGO Database","timestamp":"2017-03-30T10:52:08.811Z"}
{"level":"info","message":"Server Starts","timestamp":"2017-03-30T10:53:38.212Z"}
{"level":"info","message":"Redis connected","timestamp":"2017-03-30T10:53:38.214Z"}
{"level":"info","message":"Connected to MONGO Database","timestamp":"2017-03-30T10:53:38.239Z"}
{"level":"info","message":"Server Starts","timestamp":"2017-03-30T10:56:16.552Z"}
{"level":"info","message":"Redis connected","timestamp":"2017-03-30T10:56:16.554Z"}
{"level":"info","message":"Connected to MONGO Database","timestamp":"2017-03-30T10:56:16.583Z"}
{"level":"info","message":"Server Starts","timestamp":"2017-03-30T10:57:20.969Z"}
{"level":"info","message":"Redis connected","timestamp":"2017-03-30T10:57:20.972Z"}
{"level":"info","message":"Connected to MONGO Database","timestamp":"2017-03-30T10:57:21.001Z"}
{"level":"info","message":"Server Starts","timestamp":"2017-03-30T10:58:59.098Z"}
{"level":"info","message":"Redis connected","timestamp":"2017-03-30T10:58:59.101Z"}
{"level":"info","message":"Connected to MONGO Database","timestamp":"2017-03-30T10:58:59.152Z"}
{"level":"info","message":"Server Starts","timestamp":"2017-03-30T10:59:18.392Z"}
{"level":"info","message":"Redis connected","timestamp":"2017-03-30T10:59:18.395Z"}
{"level":"info","message":"Connected to MONGO Database","timestamp":"2017-03-30T10:59:18.426Z"}
{"level":"info","message":"Server Starts","timestamp":"2017-03-30T11:00:54.322Z"}
{"level":"info","message":"Redis connected","timestamp":"2017-03-30T11:00:54.325Z"}
{"level":"info","message":"Connected to MONGO Database","timestamp":"2017-03-30T11:00:54.351Z"}
{"level":"info","message":"Server Starts","timestamp":"2017-03-30T11:01:16.877Z"}
{"level":"info","message":"Redis connected","timestamp":"2017-03-30T11:01:16.879Z"}
{"level":"info","message":"Connected to MONGO Database","timestamp":"2017-03-30T11:01:16.903Z"}
{"level":"info","message":"Server Starts","timestamp":"2017-03-30T11:02:49.178Z"}
{"level":"info","message":"Redis connected","timestamp":"2017-03-30T11:02:49.180Z"}
{"level":"info","message":"Connected to MONGO Database","timestamp":"2017-03-30T11:02:49.206Z"}
{"level":"info","message":"Server Starts","timestamp":"2017-03-30T11:03:19.900Z"}
{"level":"info","message":"Redis connected","timestamp":"2017-03-30T11:03:19.903Z"}
{"level":"info","message":"Connected to MONGO Database","timestamp":"2017-03-30T11:03:19.933Z"}
{"level":"info","message":"Server Starts","timestamp":"2017-03-30T11:04:51.051Z"}
{"level":"info","message":"Redis connected","timestamp":"2017-03-30T11:04:51.054Z"}
{"level":"info","message":"Connected to MONGO Database","timestamp":"2017-03-30T11:04:51.083Z"}
{"level":"info","message":"Server Starts","timestamp":"2017-03-30T11:07:03.915Z"}
{"level":"info","message":"Redis connected","timestamp":"2017-03-30T11:07:03.917Z"}
{"level":"info","message":"Connected to MONGO Database","timestamp":"2017-03-30T11:07:03.943Z"}
{"level":"info","message":"Server Starts","timestamp":"2017-03-30T11:08:07.679Z"}
{"level":"info","message":"Redis connected","timestamp":"2017-03-30T11:08:07.681Z"}
{"level":"info","message":"Connected to MONGO Database","timestamp":"2017-03-30T11:08:07.709Z"}
{"level":"info","message":"Server Starts","timestamp":"2017-03-30T11:10:14.073Z"}
{"level":"info","message":"Redis connected","timestamp":"2017-03-30T11:10:14.075Z"}
{"level":"info","message":"Connected to MONGO Database","timestamp":"2017-03-30T11:10:14.105Z"}
{"level":"info","message":"Server Starts","timestamp":"2017-03-30T11:12:57.240Z"}
{"level":"info","message":"Redis connected","timestamp":"2017-03-30T11:12:57.242Z"}
{"level":"info","message":"Connected to MONGO Database","timestamp":"2017-03-30T11:12:57.266Z"}
{"level":"info","message":"Server Starts","timestamp":"2017-03-30T11:17:27.022Z"}
{"level":"info","message":"Redis connected","timestamp":"2017-03-30T11:17:27.025Z"}
{"level":"info","message":"Connected to MONGO Database","timestamp":"2017-03-30T11:17:27.053Z"}
{"level":"info","message":"Server Starts","timestamp":"2017-03-30T11:21:26.144Z"}
{"level":"info","message":"Redis connected","timestamp":"2017-03-30T11:21:26.146Z"}
{"level":"info","message":"Connected to MONGO Database","timestamp":"2017-03-30T11:21:26.178Z"}
{"level":"info","message":"Server Starts","timestamp":"2017-03-30T11:21:50.953Z"}
{"level":"info","message":"Redis connected","timestamp":"2017-03-30T11:21:50.955Z"}
{"level":"info","message":"Connected to MONGO Database","timestamp":"2017-03-30T11:21:50.982Z"}
{"level":"info","message":"Server Starts","timestamp":"2017-03-30T11:22:45.132Z"}
{"level":"info","message":"Redis connected","timestamp":"2017-03-30T11:22:45.134Z"}
{"level":"info","message":"Connected to MONGO Database","timestamp":"2017-03-30T11:22:45.163Z"}
{"level":"info","message":"Server Starts","timestamp":"2017-03-30T11:25:59.325Z"}
{"level":"info","message":"Redis connected","timestamp":"2017-03-30T11:25:59.327Z"}
{"level":"info","message":"Connected to MONGO Database","timestamp":"2017-03-30T11:25:59.361Z"}
{"level":"info","message":"Server Starts","timestamp":"2017-03-30T11:27:46.444Z"}
{"level":"info","message":"Redis connected","timestamp":"2017-03-30T11:27:46.447Z"}
{"level":"info","message":"Connected to MONGO Database","timestamp":"2017-03-30T11:27:46.479Z"}
{"level":"info","message":"Server Starts","timestamp":"2017-03-30T11:28:20.404Z"}
{"level":"info","message":"Redis connected","timestamp":"2017-03-30T11:28:20.409Z"}
{"level":"info","message":"Connected to MONGO Database","timestamp":"2017-03-30T11:28:20.445Z"}
{"level":"info","message":"Server Starts","timestamp":"2017-03-30T11:29:43.791Z"}
{"level":"info","message":"Redis connected","timestamp":"2017-03-30T11:29:43.793Z"}
{"level":"info","message":"Connected to MONGO Database","timestamp":"2017-03-30T11:29:43.834Z"}
{"level":"info","message":"Server Starts","timestamp":"2017-03-30T11:31:53.258Z"}
{"level":"info","message":"Redis connected","timestamp":"2017-03-30T11:31:53.262Z"}
{"level":"info","message":"Connected to MONGO Database","timestamp":"2017-03-30T11:31:53.297Z"}
{"level":"info","message":"Server Starts","timestamp":"2017-03-30T11:32:33.985Z"}
{"level":"info","message":"Redis connected","timestamp":"2017-03-30T11:32:33.990Z"}
{"level":"info","message":"Connected to MONGO Database","timestamp":"2017-03-30T11:32:34.025Z"}
{"level":"info","message":"Server Starts","timestamp":"2017-03-30T11:33:31.289Z"}
{"level":"info","message":"Redis connected","timestamp":"2017-03-30T11:33:31.291Z"}
{"level":"info","message":"Connected to MONGO Database","timestamp":"2017-03-30T11:33:31.322Z"}
{"level":"info","message":"Server Starts","timestamp":"2017-03-30T11:36:28.888Z"}
{"level":"info","message":"Redis connected","timestamp":"2017-03-30T11:36:28.890Z"}
{"level":"info","message":"Connected to MONGO Database","timestamp":"2017-03-30T11:36:28.921Z"}
{"level":"info","message":"Server Starts","timestamp":"2017-03-30T11:37:32.125Z"}
{"level":"info","message":"Redis connected","timestamp":"2017-03-30T11:37:32.127Z"}
{"level":"info","message":"Connected to MONGO Database","timestamp":"2017-03-30T11:37:32.152Z"}
{"level":"info","message":"Server Starts","timestamp":"2017-03-30T11:37:43.754Z"}
{"level":"info","message":"Redis connected","timestamp":"2017-03-30T11:37:43.756Z"}
{"level":"info","message":"Connected to MONGO Database","timestamp":"2017-03-30T11:37:43.794Z"}
{"level":"info","message":"Server Starts","timestamp":"2017-03-30T11:40:19.323Z"}
{"level":"info","message":"Redis connected","timestamp":"2017-03-30T11:40:19.326Z"}
{"level":"info","message":"Connected to MONGO Database","timestamp":"2017-03-30T11:40:19.354Z"}
{"level":"info","message":"Server Starts","timestamp":"2017-03-30T11:40:59.730Z"}
{"level":"info","message":"Redis connected","timestamp":"2017-03-30T11:40:59.732Z"}
{"level":"info","message":"Connected to MONGO Database","timestamp":"2017-03-30T11:40:59.761Z"}
{"level":"info","message":"Server Starts","timestamp":"2017-03-30T11:45:10.816Z"}
{"level":"info","message":"Redis connected","timestamp":"2017-03-30T11:45:10.818Z"}
{"level":"info","message":"Connected to MONGO Database","timestamp":"2017-03-30T11:45:10.843Z"}
{"level":"info","message":"Server Starts","timestamp":"2017-03-30T12:32:33.755Z"}
{"level":"info","message":"Redis connected","timestamp":"2017-03-30T12:32:33.758Z"}
{"level":"info","message":"Connected to MONGO Database","timestamp":"2017-03-30T12:32:33.785Z"}
{"level":"info","message":"Server Starts","timestamp":"2017-03-30T12:36:22.295Z"}
{"level":"info","message":"Redis connected","timestamp":"2017-03-30T12:36:22.297Z"}
{"level":"info","message":"Connected to MONGO Database","timestamp":"2017-03-30T12:36:22.325Z"}
{"level":"info","message":"Server Starts","timestamp":"2017-03-30T12:37:06.189Z"}
{"level":"info","message":"Redis connected","timestamp":"2017-03-30T12:37:06.192Z"}
{"level":"info","message":"Connected to MONGO Database","timestamp":"2017-03-30T12:37:06.218Z"}
{"level":"info","message":"{\"METHOD\":\"POST\",\"URL\":\"/api/customer/logout\",\"BODY\":{\"accessToken\":\"eyJhbGciOiJIUzI1NiIsInR5cCI6IkpXVCJ9.eyJfaWQiOiI1OGRjZWUyN2VkMTFiZjBiZjU4NmRkZjAiLCJ0aW1lIjoiMjAxNy0wMy0zMFQxMTozODoxNS42OTVaIiwiaWF0IjoxNDkwODczODk1fQ.I3E_1y_WW4CSVyTrQZvDJiamzY_Z2jjnVPhMHdUIXhs\"}}","timestamp":"2017-03-30T12:37:42.080Z"}
{"level":"info","message":"Server Starts","timestamp":"2017-03-30T12:38:06.799Z"}
{"level":"info","message":"Redis connected","timestamp":"2017-03-30T12:38:06.802Z"}
{"level":"info","message":"Connected to MONGO Database","timestamp":"2017-03-30T12:38:06.830Z"}
{"level":"info","message":"Server Starts","timestamp":"2017-03-30T12:38:20.930Z"}
{"level":"info","message":"Redis connected","timestamp":"2017-03-30T12:38:20.933Z"}
{"level":"info","message":"Connected to MONGO Database","timestamp":"2017-03-30T12:38:20.976Z"}
{"level":"info","message":"Server Starts","timestamp":"2017-03-30T12:40:34.447Z"}
{"level":"info","message":"Redis connected","timestamp":"2017-03-30T12:40:34.449Z"}
{"level":"info","message":"Connected to MONGO Database","timestamp":"2017-03-30T12:40:34.484Z"}
{"level":"info","message":"Server Starts","timestamp":"2017-03-30T12:41:33.188Z"}
{"level":"info","message":"Redis connected","timestamp":"2017-03-30T12:41:33.190Z"}
{"level":"info","message":"Connected to MONGO Database","timestamp":"2017-03-30T12:41:33.221Z"}
{"level":"info","message":"Server Starts","timestamp":"2017-03-30T12:42:17.845Z"}
{"level":"info","message":"Redis connected","timestamp":"2017-03-30T12:42:17.848Z"}
{"level":"info","message":"Connected to MONGO Database","timestamp":"2017-03-30T12:42:17.880Z"}
{"level":"info","message":"Server Starts","timestamp":"2017-03-30T13:10:01.927Z"}
{"level":"info","message":"Redis connected","timestamp":"2017-03-30T13:10:01.930Z"}
{"level":"info","message":"Connected to MONGO Database","timestamp":"2017-03-30T13:10:01.961Z"}
{"level":"info","message":"{\"METHOD\":\"GET\",\"URL\":\"/favicon.ico\",\"BODY\":{}}","timestamp":"2017-03-30T13:10:11.258Z"}
{"level":"info","message":"Server Starts","timestamp":"2017-03-30T13:10:41.789Z"}
{"level":"info","message":"Redis connected","timestamp":"2017-03-30T13:10:41.792Z"}
{"level":"info","message":"Connected to MONGO Database","timestamp":"2017-03-30T13:10:41.820Z"}
{"level":"info","message":"Server Starts","timestamp":"2017-03-30T13:15:59.369Z"}
{"level":"info","message":"Redis connected","timestamp":"2017-03-30T13:15:59.371Z"}
{"level":"info","message":"Connected to MONGO Database","timestamp":"2017-03-30T13:15:59.409Z"}
{"level":"info","message":"Server Starts","timestamp":"2017-03-30T13:17:25.535Z"}
{"level":"info","message":"Redis connected","timestamp":"2017-03-30T13:17:25.538Z"}
{"level":"info","message":"Connected to MONGO Database","timestamp":"2017-03-30T13:17:25.571Z"}
{"level":"info","message":"{\"METHOD\":\"PUT\",\"URL\":\"/api/customer/loginEmail\",\"BODY\":{\"accessToken\":\"eyJhbGciOiJIUzI1NiIsInR5cCI6IkpXVCJ9.eyJfaWQiOiI1OGRjZWUyN2VkMTFiZjBiZjU4NmRkZjAiLCJ0aW1lIjoiMjAxNy0wMy0zMFQxMTozODoxNS42OTVaIiwiaWF0IjoxNDkwODczODk1fQ.I3E_1y_WW4CSVyTrQZvDJiamzY_Z2jjnVPhMHdUIXhs\"}}","timestamp":"2017-03-30T13:17:52.792Z"}
